added one to black list (title already in DB)
2017-10-25 11:46:06 - google news - added 1
2017-10-25 12:03:45 - google news - added 1
2017-10-25 13:04:55 - google news - added 2
added one to black list (no title)
2017-10-25 15:03:57 - google news - added 1
2017-10-25 15:48:52 - google news - added 1
2017-10-25 16:43:24 - reddit - added 1
added one to black list (title already in DB)
2017-10-25 17:02:39 - reddit - added 2
2017-10-25 17:43:56 - google news - added 1
2017-10-25 18:44:00 - google news - added 1
2017-10-25 19:44:17 - google news - added 2
2017-10-25 20:05:10 - google news - added 1
2017-10-25 21:24:24 - google news - added 2
2017-10-25 00:42:18 - reddit - added 1
2017-10-25 00:44:00 - google news - added 1
2017-10-26 1:42:43 - reddit - added 1
2017-10-26 2:04:06 - google news - added 1
2017-10-26 3:23:50 - google news - added 1
added one to black list (title already in DB)
2017-10-26 5:03:57 - google news - added 1
2017-10-26 5:22:43 - reddit - added 1
2017-10-26 5:42:21 - reddit - added 1
2017-10-26 6:03:52 - google news - added 1
2017-10-26 6:22:27 - reddit - added 1
2017-10-26 6:42:50 - reddit - added 1
added one to black list (title already in DB)
2017-10-26 9:04:01 - google news - added 1
2017-10-26 11:04:19 - google news - added 2
2017-10-26 11:42:48 - reddit - added 1
added one to black list (title already in DB)
2017-10-26 12:03:55 - google news - added 1
added one to black list (title already in DB)
2017-10-26 13:40:40 - basic income news - added 1
2017-10-26 15:00:31 - bbc - added 1
2017-10-26 15:02:57 - reddit - added 1
added one to black list (title already in DB)
2017-10-26 15:23:04 - reddit - added 2
2017-10-26 15:24:35 - google news - added 1
added one to black list (title already in DB)
2017-10-26 15:44:01 - google news - added 1
2017-10-26 16:04:05 - google news - added 1
added one to black list (title already in DB)
2017-10-26 17:43:05 - reddit - added 2
2017-10-26 18:23:21 - reddit - added 1
2017-10-26 18:24:52 - google news - added 1
2017-10-26 18:43:12 - reddit - added 1
added one to black list (title already in DB)
2017-10-26 20:21:08 - case for basic income - added 1
2017-10-26 20:24:23 - google news - added 1
added one to black list (title already in DB)
2017-10-26 21:02:33 - reddit - added 1
2017-10-26 23:44:38 - google news - added 2
2017-10-27 3:03:41 - google news - added 1
added one to black list (title already in DB)
2017-10-27 3:43:56 - google news - added 1
added one to black list (timeout)
2017-10-27 5:13:54 - google news - added 1
2017-10-27 5:42:31 - reddit - added 1
2017-10-27 6:43:55 - google news - added 1
2017-10-27 8:01:17 - basic income news - added 1
2017-10-27 8:05:06 - google news - added 1
2017-10-27 8:24:11 - google news - added 1
2017-10-27 11:24:03 - google news - added 1
HAD TO REBOOT - BUG
added one to black list (title already in DB)
2017-10-27 12:24:13 - google news - added 1
2017-10-27 13:44:50 - google news - added 2
2017-10-27 14:04:16 - google news - added 1
2017-10-27 14:23:49 - google news - added 1
2017-10-27 15:02:34 - reddit - added 1
2017-10-27 15:04:10 - google news - added 1
2017-10-27 17:42:39 - reddit - added 1
added one to black list (title already in DB)
2017-10-27 18:22:49 - reddit - added 1
HAD TO REBOOT - BUG
HAD TO REBOOT - BUG
HAD TO REBOOT - BUG
HAD TO REBOOT - BUG
HAD TO REBOOT - BUG
HAD TO REBOOT - BUG
HAD TO REBOOT - BUG
HAD TO REBOOT - BUG
HAD TO REBOOT - BUG
2017-10-27 22:21:32 - futurism - added 1
added one to black list (title already in DB)
HAD TO REBOOT - BUG
HAD TO REBOOT - BUG
HAD TO REBOOT - BUG
HAD TO REBOOT - BUG
HAD TO REBOOT - BUG
HAD TO REBOOT - BUG
HAD TO REBOOT - BUG
HAD TO REBOOT - BUG
HAD TO REBOOT - BUG
2017-10-28 1:42:46 - reddit - added 1
2017-10-28 1:44:47 - google news - added 1
HAD TO REBOOT - BUG
HAD TO REBOOT - BUG
HAD TO REBOOT - BUG
HAD TO REBOOT - BUG
HAD TO REBOOT - BUG
HAD TO REBOOT - BUG
HAD TO REBOOT - BUG
HAD TO REBOOT - BUG
HAD TO REBOOT - BUG
HAD TO REBOOT - BUG
HAD TO REBOOT - BUG
HAD TO REBOOT - BUG
2017-10-28 7:21:08 - basic income news - added 1
2017-10-28 7:24:56 - google news - added 1
2017-10-28 8:43:35 - google news - added 1
added one to black list (title already in DB)
2017-10-28 9:43:36 - google news - added 1
added one to black list (title already in DB)
2017-10-28 12:23:37 - google news - added 1
added one to black list (title already in DB)
2017-10-28 17:43:26 - reddit - added 1
2017-10-28 21:23:16 - reddit - added 1
2017-10-28 21:41:53 - basic income news - added 1
2017-10-28 23:44:42 - google news - added 1
2017-10-29 1:24:23 - google news - added 1
2017-10-29 1:45:00 - google news - added 1
added one to black list (timeout)
2017-10-29 2:14:45 - google news - added 1
HAD TO REBOOT - CAUSE load_chrome()
2017-10-29 7:01:32 - basic income news - added 1
2017-10-29 8:24:59 - google news - added 1
2017-10-29 9:04:50 - google news - added 1
added one to black list (title already in DB)
2017-10-29 11:04:44 - google news - added 1
2017-10-29 11:44:28 - google news - added 1
2017-10-29 13:06:36 - google news - added 1
2017-10-29 14:04:36 - google news - added 1
2017-10-29 15:24:48 - google news - added 1
2017-10-29 16:44:44 - google news - added 1
2017-10-29 17:03:43 - reddit - added 1
2017-10-29 17:24:32 - google news - added 1
2017-10-29 19:04:40 - google news - added 1
2017-10-29 19:44:46 - google news - added 1
2017-10-29 21:04:52 - google news - added 1
2017-10-29 22:24:43 - google news - added 1
2017-10-29 22:45:07 - google news - added 1
2017-10-30 3:45:16 - google news - added 1
2017-10-30 4:44:31 - google news - added 1
2017-10-30 5:41:24 - basic income news - added 1
2017-10-30 6:24:47 - google news - added 2
2017-10-30 7:43:10 - reddit - added 1
2017-10-30 8:04:28 - google news - added 1
2017-10-30 9:45:06 - google news - added 1
2017-10-30 10:44:47 - google news - added 1
2017-10-30 11:05:50 - google news - added 1
2017-10-30 11:44:29 - google news - added 1
2017-10-30 12:06:22 - google news - added 1
2017-10-30 13:25:10 - google news - added 1
2017-10-30 14:43:13 - reddit - added 1
2017-10-30 15:05:10 - google news - added 1
2017-10-30 15:45:20 - reddit - added 1
2017-10-30 16:24:53 - google news - added 1
2017-10-30 16:45:02 - google news - added 1
2017-10-30 17:03:24 - reddit - added 1
2017-10-30 17:05:21 - google news - added 1
HAD TO REBOOT - BUG
HAD TO REBOOT - BUG
HAD TO REBOOT - BUG
HAD TO REBOOT - BUG
added one to black list (title already in DB)
HAD TO REBOOT - BUG
HAD TO REBOOT - BUG
HAD TO REBOOT - BUG
HAD TO REBOOT - BUG
added one to black list (title already in DB)
HAD TO REBOOT - BUG
HAD TO REBOOT - BUG
HAD TO REBOOT - BUG
2017-10-30 23:06:38 - reddit - added 1
HAD TO REBOOT - BUG
HAD TO REBOOT - BUG
added one to black list (title already in DB)
HAD TO REBOOT - BUG
2017-10-31 0:03:39 - reddit - added 1
added one to black list (title already in DB)
HAD TO REBOOT - BUG
HAD TO REBOOT - BUG
HAD TO REBOOT - BUG
HAD TO REBOOT - BUG
2017-10-31 1:24:02 - reddit - added 1
HAD TO REBOOT - BUG
HAD TO REBOOT - BUG
HAD TO REBOOT - BUG
HAD TO REBOOT - BUG
HAD TO REBOOT - BUG
HAD TO REBOOT - BUG
HAD TO REBOOT - BUG
HAD TO REBOOT - BUG
HAD TO REBOOT - BUG
HAD TO REBOOT - BUG
HAD TO REBOOT - BUG
HAD TO REBOOT - BUG
HAD TO REBOOT - BUG
HAD TO REBOOT - BUG
2017-10-31 6:01:58 - basic income news - added 1
HAD TO REBOOT - BUG
HAD TO REBOOT - BUG
HAD TO REBOOT - BUG
2017-10-31 7:04:04 - reddit - added 1
HAD TO REBOOT - BUG
HAD TO REBOOT - BUG
HAD TO REBOOT - BUG
HAD TO REBOOT - BUG
HAD TO REBOOT - BUG
HAD TO REBOOT - BUG
HAD TO REBOOT - BUG
HAD TO REBOOT - BUG
HAD TO REBOOT - BUG
HAD TO REBOOT - BUG
HAD TO REBOOT - BUG
### - HAD TO REBOOT - PROBLEM: (1366, "Incorrect string value: '\\xE2\\x80\\xB2Jam...' for column 'title' at row 1") (google news)
### - HAD TO REBOOT - PROBLEM: (1366, "Incorrect string value: '\\xE2\\x80\\xB2Jam...' for column 'title' at row 1") (google news)
### - HAD TO REBOOT - PROBLEM: (1366, "Incorrect string value: '\\xE2\\x80\\xB2Jam...' for column 'title' at row 1") (google news)
### - HAD TO REBOOT - PROBLEM: (1366, "Incorrect string value: '\\xE2\\x80\\xB2Jam...' for column 'title' at row 1") (google news)
### - HAD TO REBOOT - PROBLEM: (1366, "Incorrect string value: '\\xE2\\x80\\xB2Jam...' for column 'title' at row 1") (google news)
### - HAD TO REBOOT - PROBLEM: (1366, "Incorrect string value: '\\xE2\\x80\\xB2Jam...' for column 'title' at row 1") (google news)
### - HAD TO REBOOT - PROBLEM: (1366, "Incorrect string value: '\\xE2\\x80\\xB2Jam...' for column 'title' at row 1") (google news)
### - HAD TO REBOOT - PROBLEM: (1366, "Incorrect string value: '\\xE2\\x80\\xB2Jam...' for column 'title' at row 1") (google news)
### - HAD TO REBOOT - PROBLEM: (1366, "Incorrect string value: '\\xE2\\x80\\xB2Jam...' for column 'title' at row 1") (google news)
### - HAD TO REBOOT - PROBLEM: (1366, "Incorrect string value: '\\xE2\\x80\\xB2Jam...' for column 'title' at row 1") (google news)
### - HAD TO REBOOT - PROBLEM: (1366, "Incorrect string value: '\\xE2\\x80\\xB2Jam...' for column 'title' at row 1") (google news)
### - HAD TO REBOOT - PROBLEM: (1366, "Incorrect string value: '\\xE2\\x80\\xB2Jam...' for column 'title' at row 1") (google news)
2017-10-31 14:44:24 - google news - added 1
### - HAD TO REBOOT - PROBLEM: (1366, "Incorrect string value: '\\xE2\\x80\\xB2Jam...' for column 'title' at row 1") (google news)
### - HAD TO REBOOT - PROBLEM: (1366, "Incorrect string value: '\\xE2\\x80\\xB2Jam...' for column 'title' at row 1") (google news)
2017-10-31 18:07:34 - reddit - added 1
2017-10-31 18:44:50 - google news - added 1
2017-10-31 19:03:54 - reddit - added 1
2017-10-31 20:25:05 - google news - added 1
2017-11-01 0:24:58 - google news - added 1
2017-11-01 0:43:41 - reddit - added 1
2017-11-01 6:01:47 - basic income news - added 1
2017-11-01 6:45:47 - google news - added 1
2017-11-01 7:24:29 - google news - added 1
2017-11-01 7:44:35 - google news - added 1
2017-11-01 9:24:40 - google news - added 1
2017-11-01 10:25:11 - google news - added 1
2017-11-01 11:25:28 - google news - added 1
added one to black list (title already in DB)
2017-11-01 12:45:57 - google news - added 1
2017-11-01 13:04:02 - reddit - added 2
### - HAD TO REBOOT - PROBLEM: Message: timeout
  (Session info: chrome=61.0.3163.100)
  (Driver info: chromedriver=2.32.498513 (2c63aa53b2c658de596ed550eb5267ec5967b351),platform=Linux 4.4.0-87-generic x86_64)
 (precarious work)
2017-11-01 14:24:53 - google news - added 1
2017-11-01 14:43:45 - reddit - added 1
2017-11-01 15:23:45 - reddit - added 2
2017-11-01 15:25:33 - google news - added 1
added one to black list (title already in DB)
2017-11-01 15:46:36 - google news - added 1
2017-11-01 16:24:55 - google news - added 1
added one to black list (title already in DB)
added one to black list (title already in DB)
added one to black list (title already in DB)
2017-11-01 19:23:35 - reddit - added 1
2017-11-01 20:05:20 - google news - added 1
2017-11-01 20:46:50 - google news - added 1
2017-11-01 22:44:49 - google news - added 2
2017-11-01 23:06:47 - google news - added 1
2017-11-01 23:24:41 - google news - added 1
2017-11-02 0:04:41 - google news - added 1
2017-11-02 2:45:05 - google news - added 1
2017-11-02 3:05:18 - google news - added 1
added one to black list (title already in DB)
2017-11-02 5:04:46 - google news - added 1
added one to black list (title already in DB)
2017-11-02 6:01:41 - basic income news - added 1
2017-11-02 8:04:35 - google news - added 1
2017-11-02 8:26:09 - google news - added 1
### - HAD TO REBOOT - PROBLEM: Message: timeout
  (Session info: chrome=61.0.3163.100)
  (Driver info: chromedriver=2.32.498513 (2c63aa53b2c658de596ed550eb5267ec5967b351),platform=Linux 4.4.0-87-generic x86_64)
 (google news)
2017-11-02 10:46:41 - google news - added 2
2017-11-02 11:05:11 - google news - added 1
2017-11-02 12:25:29 - google news - added 1
2017-11-02 13:24:39 - google news - added 1
2017-11-02 13:43:34 - reddit - added 1
2017-11-02 13:46:32 - google news - added 2
2017-11-02 14:04:41 - google news - added 1
2017-11-02 14:25:01 - google news - added 1
2017-11-02 14:41:55 - case for basic income - added 1
added one to black list (title already in DB)
2017-11-02 15:24:42 - google news - added 1
2017-11-02 15:41:42 - basic income news - added 1
2017-11-02 16:07:31 - google news - added 1
2017-11-02 16:45:08 - google news - added 2
2017-11-02 17:04:53 - google news - added 2
2017-11-02 18:03:26 - reddit - added 1
2017-11-02 19:25:20 - google news - added 2
2017-11-02 21:03:31 - reddit - added 1
2017-11-02 22:44:58 - google news - added 1
added one to black list (title already in DB)
2017-11-03 3:05:10 - google news - added 1
2017-11-03 3:45:02 - google news - added 1
2017-11-03 4:23:14 - reddit - added 1
2017-11-03 4:44:50 - google news - added 1
added one to black list (title already in DB)
2017-11-03 6:07:02 - google news - added 1
2017-11-03 8:05:01 - google news - added 1
2017-11-03 18:04:18 - reddit - added 3
2017-11-03 18:05:46 - washington post - added 1
added one to black list (title already in DB)
2017-11-03 18:07:07 - google news - added 4
2017-11-03 18:25:15 - google news - added 2
2017-11-03 18:46:17 - google news - added 1
added one to black list (title already in DB)
2017-11-03 21:01:55 - basic income news - added 1
2017-11-03 21:44:48 - google news - added 1
2017-11-03 22:46:22 - google news - added 1
2017-11-04 5:25:43 - google news - added 1
added one to black list (title already in DB)
2017-11-04 12:01:44 - basic income news - added 1
2017-11-04 13:04:56 - google news - added 1
2017-11-04 13:43:36 - reddit - added 1
2017-11-04 17:43:50 - reddit - added 1
2017-11-04 18:45:24 - google news - added 1
2017-11-04 19:25:39 - google news - added 2
added one to black list (title already in DB)
2017-11-04 20:44:30 - google news - added 1
added one to black list (title already in DB)
2017-11-05 2:26:56 - google news - added 1
2017-11-05 6:01:41 - basic income news - added 1
2017-11-05 11:04:44 - google news - added 1
2017-11-05 12:24:32 - google news - added 1
added one to black list (title already in DB)
2017-11-05 13:05:19 - google news - added 1
2017-11-05 13:24:42 - google news - added 1
